<?xml version="1.0" encoding="UTF-8"?>
<testsuite xmlns:xsi="http://www.w3.org/2001/XMLSchema-instance" xsi:noNamespaceSchemaLocation="https://maven.apache.org/surefire/maven-surefire-plugin/xsd/surefire-test-report.xsd" name="com.testrunners.TestAccountPageRunner" time="48.917" tests="3" errors="0" skipped="0" failures="1">
  <properties>
    <property name="sun.desktop" value="gnome"/>
    <property name="awt.toolkit" value="sun.awt.X11.XToolkit"/>
    <property name="java.specification.version" value="11"/>
    <property name="sun.cpu.isalist" value=""/>
    <property name="sun.jnu.encoding" value="UTF-8"/>
    <property name="java.class.path" value="/home/gyanesh/git/POMHybridProject/target/test-classes:/home/gyanesh/git/POMHybridProject/target/classes:/home/gyanesh/.m2/repository/io/cucumber/cucumber-java/6.9.1/cucumber-java-6.9.1.jar:/home/gyanesh/.m2/repository/io/cucumber/cucumber-core/6.9.1/cucumber-core-6.9.1.jar:/home/gyanesh/.m2/repository/io/cucumber/cucumber-gherkin/6.9.1/cucumber-gherkin-6.9.1.jar:/home/gyanesh/.m2/repository/io/cucumber/cucumber-gherkin-messages/6.9.1/cucumber-gherkin-messages-6.9.1.jar:/home/gyanesh/.m2/repository/io/cucumber/messages/13.2.1/messages-13.2.1.jar:/home/gyanesh/.m2/repository/io/cucumber/tag-expressions/3.0.0/tag-expressions-3.0.0.jar:/home/gyanesh/.m2/repository/io/cucumber/cucumber-expressions/10.3.0/cucumber-expressions-10.3.0.jar:/home/gyanesh/.m2/repository/io/cucumber/datatable/3.5.0/datatable-3.5.0.jar:/home/gyanesh/.m2/repository/io/cucumber/cucumber-plugin/6.9.1/cucumber-plugin-6.9.1.jar:/home/gyanesh/.m2/repository/io/cucumber/docstring/6.9.1/docstring-6.9.1.jar:/home/gyanesh/.m2/repository/io/cucumber/html-formatter/9.0.0/html-formatter-9.0.0.jar:/home/gyanesh/.m2/repository/io/cucumber/create-meta/2.0.4/create-meta-2.0.4.jar:/home/gyanesh/.m2/repository/org/apiguardian/apiguardian-api/1.1.0/apiguardian-api-1.1.0.jar:/home/gyanesh/.m2/repository/io/cucumber/cucumber-junit/6.9.1/cucumber-junit-6.9.1.jar:/home/gyanesh/.m2/repository/junit/junit/4.13.1/junit-4.13.1.jar:/home/gyanesh/.m2/repository/org/hamcrest/hamcrest-core/1.3/hamcrest-core-1.3.jar:/home/gyanesh/.m2/repository/org/seleniumhq/selenium/selenium-java/3.141.59/selenium-java-3.141.59.jar:/home/gyanesh/.m2/repository/org/seleniumhq/selenium/selenium-api/3.141.59/selenium-api-3.141.59.jar:/home/gyanesh/.m2/repository/org/seleniumhq/selenium/selenium-chrome-driver/3.141.59/selenium-chrome-driver-3.141.59.jar:/home/gyanesh/.m2/repository/org/seleniumhq/selenium/selenium-edge-driver/3.141.59/selenium-edge-driver-3.141.59.jar:/home/gyanesh/.m2/repository/org/seleniumhq/selenium/selenium-firefox-driver/3.141.59/selenium-firefox-driver-3.141.59.jar:/home/gyanesh/.m2/repository/org/seleniumhq/selenium/selenium-ie-driver/3.141.59/selenium-ie-driver-3.141.59.jar:/home/gyanesh/.m2/repository/org/seleniumhq/selenium/selenium-opera-driver/3.141.59/selenium-opera-driver-3.141.59.jar:/home/gyanesh/.m2/repository/org/seleniumhq/selenium/selenium-remote-driver/3.141.59/selenium-remote-driver-3.141.59.jar:/home/gyanesh/.m2/repository/org/seleniumhq/selenium/selenium-safari-driver/3.141.59/selenium-safari-driver-3.141.59.jar:/home/gyanesh/.m2/repository/org/seleniumhq/selenium/selenium-support/3.141.59/selenium-support-3.141.59.jar:/home/gyanesh/.m2/repository/net/bytebuddy/byte-buddy/1.8.15/byte-buddy-1.8.15.jar:/home/gyanesh/.m2/repository/org/apache/commons/commons-exec/1.3/commons-exec-1.3.jar:/home/gyanesh/.m2/repository/com/google/guava/guava/25.0-jre/guava-25.0-jre.jar:/home/gyanesh/.m2/repository/com/google/code/findbugs/jsr305/1.3.9/jsr305-1.3.9.jar:/home/gyanesh/.m2/repository/org/checkerframework/checker-compat-qual/2.0.0/checker-compat-qual-2.0.0.jar:/home/gyanesh/.m2/repository/com/google/errorprone/error_prone_annotations/2.1.3/error_prone_annotations-2.1.3.jar:/home/gyanesh/.m2/repository/com/google/j2objc/j2objc-annotations/1.1/j2objc-annotations-1.1.jar:/home/gyanesh/.m2/repository/org/codehaus/mojo/animal-sniffer-annotations/1.14/animal-sniffer-annotations-1.14.jar:/home/gyanesh/.m2/repository/com/squareup/okhttp3/okhttp/3.11.0/okhttp-3.11.0.jar:/home/gyanesh/.m2/repository/com/squareup/okio/okio/1.14.0/okio-1.14.0.jar:/home/gyanesh/.m2/repository/io/github/bonigarcia/webdrivermanager/4.2.2/webdrivermanager-4.2.2.jar:/home/gyanesh/.m2/repository/org/slf4j/slf4j-api/1.7.30/slf4j-api-1.7.30.jar:/home/gyanesh/.m2/repository/commons-io/commons-io/2.8.0/commons-io-2.8.0.jar:/home/gyanesh/.m2/repository/com/google/code/gson/gson/2.8.6/gson-2.8.6.jar:/home/gyanesh/.m2/repository/org/apache/commons/commons-lang3/3.11/commons-lang3-3.11.jar:/home/gyanesh/.m2/repository/org/apache/httpcomponents/client5/httpclient5/5.0.1/httpclient5-5.0.1.jar:/home/gyanesh/.m2/repository/org/apache/httpcomponents/core5/httpcore5/5.0.1/httpcore5-5.0.1.jar:/home/gyanesh/.m2/repository/org/apache/httpcomponents/core5/httpcore5-h2/5.0.1/httpcore5-h2-5.0.1.jar:/home/gyanesh/.m2/repository/commons-codec/commons-codec/1.13/commons-codec-1.13.jar:/home/gyanesh/.m2/repository/org/rauschig/jarchivelib/1.1.0/jarchivelib-1.1.0.jar:/home/gyanesh/.m2/repository/org/apache/commons/commons-compress/1.20/commons-compress-1.20.jar:/home/gyanesh/.m2/repository/org/jsoup/jsoup/1.13.1/jsoup-1.13.1.jar:/home/gyanesh/.m2/repository/tech/grasshopper/extentreports-cucumber6-adapter/2.5.0/extentreports-cucumber6-adapter-2.5.0.jar:/home/gyanesh/.m2/repository/com/aventstack/extentreports/5.0.5/extentreports-5.0.5.jar:/home/gyanesh/.m2/repository/io/reactivex/rxjava3/rxjava/3.0.4/rxjava-3.0.4.jar:/home/gyanesh/.m2/repository/org/reactivestreams/reactive-streams/1.0.3/reactive-streams-1.0.3.jar:/home/gyanesh/.m2/repository/org/freemarker/freemarker/2.3.30/freemarker-2.3.30.jar:/home/gyanesh/.m2/repository/org/projectlombok/lombok/1.18.12/lombok-1.18.12.jar:/home/gyanesh/.m2/repository/tech/grasshopper/extent-pdf-report/1.3.0/extent-pdf-report-1.3.0.jar:/home/gyanesh/.m2/repository/tech/grasshopper/cucumber-pdf-report/1.6.0/cucumber-pdf-report-1.6.0.jar:/home/gyanesh/.m2/repository/org/apache/pdfbox/pdfbox/2.0.21/pdfbox-2.0.21.jar:/home/gyanesh/.m2/repository/org/apache/pdfbox/fontbox/2.0.21/fontbox-2.0.21.jar:/home/gyanesh/.m2/repository/org/knowm/xchart/xchart/3.6.5/xchart-3.6.5.jar:/home/gyanesh/.m2/repository/de/erichseifert/vectorgraphics2d/VectorGraphics2D/0.13/VectorGraphics2D-0.13.jar:/home/gyanesh/.m2/repository/de/rototor/pdfbox/graphics2d/0.27/graphics2d-0.27.jar:/home/gyanesh/.m2/repository/com/madgag/animated-gif-lib/1.4/animated-gif-lib-1.4.jar:/home/gyanesh/.m2/repository/com/github/vandeseer/easytable/0.7.1/easytable-0.7.1.jar:/home/gyanesh/.m2/repository/com/github/ralfstuckert/pdfbox-layout/pdfbox2-layout/1.0.0/pdfbox2-layout-1.0.0.jar:/home/gyanesh/.m2/repository/org/yaml/snakeyaml/1.27/snakeyaml-1.27.jar:/home/gyanesh/.m2/repository/com/aventstack/klov-reporter/5.0.5/klov-reporter-5.0.5.jar:/home/gyanesh/.m2/repository/org/mongodb/bson/3.6.4/bson-3.6.4.jar:/home/gyanesh/.m2/repository/org/apache/httpcomponents/httpclient/4.5.2/httpclient-4.5.2.jar:/home/gyanesh/.m2/repository/org/apache/httpcomponents/httpcore/4.4.4/httpcore-4.4.4.jar:/home/gyanesh/.m2/repository/commons-logging/commons-logging/1.2/commons-logging-1.2.jar:/home/gyanesh/.m2/repository/org/apache/httpcomponents/httpmime/4.5.2/httpmime-4.5.2.jar:/home/gyanesh/.m2/repository/org/mongodb/mongodb-driver/3.3.0/mongodb-driver-3.3.0.jar:/home/gyanesh/.m2/repository/org/mongodb/mongodb-driver-core/3.3.0/mongodb-driver-core-3.3.0.jar:"/>
    <property name="java.vm.vendor" value="Ubuntu"/>
    <property name="sun.arch.data.model" value="64"/>
    <property name="java.vendor.url" value="https://ubuntu.com/"/>
    <property name="user.timezone" value=""/>
    <property name="java.vm.specification.version" value="11"/>
    <property name="os.name" value="Linux"/>
    <property name="sun.java.launcher" value="SUN_STANDARD"/>
    <property name="user.country" value="IN"/>
    <property name="sun.boot.library.path" value="/usr/lib/jvm/java-11-openjdk-amd64/lib"/>
    <property name="sun.java.command" value="/home/gyanesh/git/POMHybridProject/target/surefire/surefirebooter2659422908566712186.jar /home/gyanesh/git/POMHybridProject/target/surefire 2021-01-07T12-11-03_254-jvmRun1 surefire8163384153770991816tmp surefire_04798955055082183814tmp"/>
    <property name="jdk.debug" value="release"/>
    <property name="surefire.test.class.path" value="/home/gyanesh/git/POMHybridProject/target/test-classes:/home/gyanesh/git/POMHybridProject/target/classes:/home/gyanesh/.m2/repository/io/cucumber/cucumber-java/6.9.1/cucumber-java-6.9.1.jar:/home/gyanesh/.m2/repository/io/cucumber/cucumber-core/6.9.1/cucumber-core-6.9.1.jar:/home/gyanesh/.m2/repository/io/cucumber/cucumber-gherkin/6.9.1/cucumber-gherkin-6.9.1.jar:/home/gyanesh/.m2/repository/io/cucumber/cucumber-gherkin-messages/6.9.1/cucumber-gherkin-messages-6.9.1.jar:/home/gyanesh/.m2/repository/io/cucumber/messages/13.2.1/messages-13.2.1.jar:/home/gyanesh/.m2/repository/io/cucumber/tag-expressions/3.0.0/tag-expressions-3.0.0.jar:/home/gyanesh/.m2/repository/io/cucumber/cucumber-expressions/10.3.0/cucumber-expressions-10.3.0.jar:/home/gyanesh/.m2/repository/io/cucumber/datatable/3.5.0/datatable-3.5.0.jar:/home/gyanesh/.m2/repository/io/cucumber/cucumber-plugin/6.9.1/cucumber-plugin-6.9.1.jar:/home/gyanesh/.m2/repository/io/cucumber/docstring/6.9.1/docstring-6.9.1.jar:/home/gyanesh/.m2/repository/io/cucumber/html-formatter/9.0.0/html-formatter-9.0.0.jar:/home/gyanesh/.m2/repository/io/cucumber/create-meta/2.0.4/create-meta-2.0.4.jar:/home/gyanesh/.m2/repository/org/apiguardian/apiguardian-api/1.1.0/apiguardian-api-1.1.0.jar:/home/gyanesh/.m2/repository/io/cucumber/cucumber-junit/6.9.1/cucumber-junit-6.9.1.jar:/home/gyanesh/.m2/repository/junit/junit/4.13.1/junit-4.13.1.jar:/home/gyanesh/.m2/repository/org/hamcrest/hamcrest-core/1.3/hamcrest-core-1.3.jar:/home/gyanesh/.m2/repository/org/seleniumhq/selenium/selenium-java/3.141.59/selenium-java-3.141.59.jar:/home/gyanesh/.m2/repository/org/seleniumhq/selenium/selenium-api/3.141.59/selenium-api-3.141.59.jar:/home/gyanesh/.m2/repository/org/seleniumhq/selenium/selenium-chrome-driver/3.141.59/selenium-chrome-driver-3.141.59.jar:/home/gyanesh/.m2/repository/org/seleniumhq/selenium/selenium-edge-driver/3.141.59/selenium-edge-driver-3.141.59.jar:/home/gyanesh/.m2/repository/org/seleniumhq/selenium/selenium-firefox-driver/3.141.59/selenium-firefox-driver-3.141.59.jar:/home/gyanesh/.m2/repository/org/seleniumhq/selenium/selenium-ie-driver/3.141.59/selenium-ie-driver-3.141.59.jar:/home/gyanesh/.m2/repository/org/seleniumhq/selenium/selenium-opera-driver/3.141.59/selenium-opera-driver-3.141.59.jar:/home/gyanesh/.m2/repository/org/seleniumhq/selenium/selenium-remote-driver/3.141.59/selenium-remote-driver-3.141.59.jar:/home/gyanesh/.m2/repository/org/seleniumhq/selenium/selenium-safari-driver/3.141.59/selenium-safari-driver-3.141.59.jar:/home/gyanesh/.m2/repository/org/seleniumhq/selenium/selenium-support/3.141.59/selenium-support-3.141.59.jar:/home/gyanesh/.m2/repository/net/bytebuddy/byte-buddy/1.8.15/byte-buddy-1.8.15.jar:/home/gyanesh/.m2/repository/org/apache/commons/commons-exec/1.3/commons-exec-1.3.jar:/home/gyanesh/.m2/repository/com/google/guava/guava/25.0-jre/guava-25.0-jre.jar:/home/gyanesh/.m2/repository/com/google/code/findbugs/jsr305/1.3.9/jsr305-1.3.9.jar:/home/gyanesh/.m2/repository/org/checkerframework/checker-compat-qual/2.0.0/checker-compat-qual-2.0.0.jar:/home/gyanesh/.m2/repository/com/google/errorprone/error_prone_annotations/2.1.3/error_prone_annotations-2.1.3.jar:/home/gyanesh/.m2/repository/com/google/j2objc/j2objc-annotations/1.1/j2objc-annotations-1.1.jar:/home/gyanesh/.m2/repository/org/codehaus/mojo/animal-sniffer-annotations/1.14/animal-sniffer-annotations-1.14.jar:/home/gyanesh/.m2/repository/com/squareup/okhttp3/okhttp/3.11.0/okhttp-3.11.0.jar:/home/gyanesh/.m2/repository/com/squareup/okio/okio/1.14.0/okio-1.14.0.jar:/home/gyanesh/.m2/repository/io/github/bonigarcia/webdrivermanager/4.2.2/webdrivermanager-4.2.2.jar:/home/gyanesh/.m2/repository/org/slf4j/slf4j-api/1.7.30/slf4j-api-1.7.30.jar:/home/gyanesh/.m2/repository/commons-io/commons-io/2.8.0/commons-io-2.8.0.jar:/home/gyanesh/.m2/repository/com/google/code/gson/gson/2.8.6/gson-2.8.6.jar:/home/gyanesh/.m2/repository/org/apache/commons/commons-lang3/3.11/commons-lang3-3.11.jar:/home/gyanesh/.m2/repository/org/apache/httpcomponents/client5/httpclient5/5.0.1/httpclient5-5.0.1.jar:/home/gyanesh/.m2/repository/org/apache/httpcomponents/core5/httpcore5/5.0.1/httpcore5-5.0.1.jar:/home/gyanesh/.m2/repository/org/apache/httpcomponents/core5/httpcore5-h2/5.0.1/httpcore5-h2-5.0.1.jar:/home/gyanesh/.m2/repository/commons-codec/commons-codec/1.13/commons-codec-1.13.jar:/home/gyanesh/.m2/repository/org/rauschig/jarchivelib/1.1.0/jarchivelib-1.1.0.jar:/home/gyanesh/.m2/repository/org/apache/commons/commons-compress/1.20/commons-compress-1.20.jar:/home/gyanesh/.m2/repository/org/jsoup/jsoup/1.13.1/jsoup-1.13.1.jar:/home/gyanesh/.m2/repository/tech/grasshopper/extentreports-cucumber6-adapter/2.5.0/extentreports-cucumber6-adapter-2.5.0.jar:/home/gyanesh/.m2/repository/com/aventstack/extentreports/5.0.5/extentreports-5.0.5.jar:/home/gyanesh/.m2/repository/io/reactivex/rxjava3/rxjava/3.0.4/rxjava-3.0.4.jar:/home/gyanesh/.m2/repository/org/reactivestreams/reactive-streams/1.0.3/reactive-streams-1.0.3.jar:/home/gyanesh/.m2/repository/org/freemarker/freemarker/2.3.30/freemarker-2.3.30.jar:/home/gyanesh/.m2/repository/org/projectlombok/lombok/1.18.12/lombok-1.18.12.jar:/home/gyanesh/.m2/repository/tech/grasshopper/extent-pdf-report/1.3.0/extent-pdf-report-1.3.0.jar:/home/gyanesh/.m2/repository/tech/grasshopper/cucumber-pdf-report/1.6.0/cucumber-pdf-report-1.6.0.jar:/home/gyanesh/.m2/repository/org/apache/pdfbox/pdfbox/2.0.21/pdfbox-2.0.21.jar:/home/gyanesh/.m2/repository/org/apache/pdfbox/fontbox/2.0.21/fontbox-2.0.21.jar:/home/gyanesh/.m2/repository/org/knowm/xchart/xchart/3.6.5/xchart-3.6.5.jar:/home/gyanesh/.m2/repository/de/erichseifert/vectorgraphics2d/VectorGraphics2D/0.13/VectorGraphics2D-0.13.jar:/home/gyanesh/.m2/repository/de/rototor/pdfbox/graphics2d/0.27/graphics2d-0.27.jar:/home/gyanesh/.m2/repository/com/madgag/animated-gif-lib/1.4/animated-gif-lib-1.4.jar:/home/gyanesh/.m2/repository/com/github/vandeseer/easytable/0.7.1/easytable-0.7.1.jar:/home/gyanesh/.m2/repository/com/github/ralfstuckert/pdfbox-layout/pdfbox2-layout/1.0.0/pdfbox2-layout-1.0.0.jar:/home/gyanesh/.m2/repository/org/yaml/snakeyaml/1.27/snakeyaml-1.27.jar:/home/gyanesh/.m2/repository/com/aventstack/klov-reporter/5.0.5/klov-reporter-5.0.5.jar:/home/gyanesh/.m2/repository/org/mongodb/bson/3.6.4/bson-3.6.4.jar:/home/gyanesh/.m2/repository/org/apache/httpcomponents/httpclient/4.5.2/httpclient-4.5.2.jar:/home/gyanesh/.m2/repository/org/apache/httpcomponents/httpcore/4.4.4/httpcore-4.4.4.jar:/home/gyanesh/.m2/repository/commons-logging/commons-logging/1.2/commons-logging-1.2.jar:/home/gyanesh/.m2/repository/org/apache/httpcomponents/httpmime/4.5.2/httpmime-4.5.2.jar:/home/gyanesh/.m2/repository/org/mongodb/mongodb-driver/3.3.0/mongodb-driver-3.3.0.jar:/home/gyanesh/.m2/repository/org/mongodb/mongodb-driver-core/3.3.0/mongodb-driver-core-3.3.0.jar:"/>
    <property name="sun.cpu.endian" value="little"/>
    <property name="user.home" value="/home/gyanesh"/>
    <property name="user.language" value="en"/>
    <property name="java.specification.vendor" value="Oracle Corporation"/>
    <property name="java.version.date" value="2020-11-04"/>
    <property name="java.home" value="/usr/lib/jvm/java-11-openjdk-amd64"/>
    <property name="file.separator" value="/"/>
    <property name="basedir" value="/home/gyanesh/git/POMHybridProject"/>
    <property name="java.vm.compressedOopsMode" value="32-bit"/>
    <property name="line.separator" value="&#10;"/>
    <property name="java.specification.name" value="Java Platform API Specification"/>
    <property name="java.vm.specification.vendor" value="Oracle Corporation"/>
    <property name="java.awt.graphicsenv" value="sun.awt.X11GraphicsEnvironment"/>
    <property name="surefire.real.class.path" value="/home/gyanesh/git/POMHybridProject/target/surefire/surefirebooter2659422908566712186.jar"/>
    <property name="sun.management.compiler" value="HotSpot 64-Bit Tiered Compilers"/>
    <property name="java.runtime.version" value="11.0.9.1+1-Ubuntu-0ubuntu1.20.04"/>
    <property name="user.name" value="gyanesh"/>
    <property name="path.separator" value=":"/>
    <property name="os.version" value="5.4.0-56-generic"/>
    <property name="java.runtime.name" value="OpenJDK Runtime Environment"/>
    <property name="file.encoding" value="UTF-8"/>
    <property name="java.vm.name" value="OpenJDK 64-Bit Server VM"/>
    <property name="localRepository" value="/home/gyanesh/.m2/repository"/>
    <property name="java.vendor.url.bug" value="https://bugs.launchpad.net/ubuntu/+source/openjdk-lts"/>
    <property name="java.io.tmpdir" value="/tmp"/>
    <property name="java.version" value="11.0.9.1"/>
    <property name="user.dir" value="/home/gyanesh/git/POMHybridProject"/>
    <property name="os.arch" value="amd64"/>
    <property name="java.vm.specification.name" value="Java Virtual Machine Specification"/>
    <property name="java.awt.printerjob" value="sun.print.PSPrinterJob"/>
    <property name="sun.os.patch.level" value="unknown"/>
    <property name="java.library.path" value="/usr/java/packages/lib:/usr/lib/x86_64-linux-gnu/jni:/lib/x86_64-linux-gnu:/usr/lib/x86_64-linux-gnu:/usr/lib/jni:/lib:/usr/lib"/>
    <property name="java.vm.info" value="mixed mode, sharing"/>
    <property name="java.vendor" value="Ubuntu"/>
    <property name="java.vm.version" value="11.0.9.1+1-Ubuntu-0ubuntu1.20.04"/>
    <property name="sun.io.unicode.encoding" value="UnicodeLittle"/>
    <property name="java.class.version" value="55.0"/>
  </properties>
  <testcase name="Personal informtion and order details" classname="Account feature" time="39.329">
    <failure type="java.lang.AssertionError">java.lang.AssertionError
</failure>
    <system-out><![CDATA[
Scenario: Personal informtion and order details  &amp#27;[90m# src/test/resources/com/features/AccountPage.feature:16&amp#27;[0m
Browser value is:chrome
Logging in with userId: demo@gkm.com and password: abc123
  &amp#27;[32mGiven &amp#27;[0m&amp#27;[32mUser is signed in with valid credentials&amp#27;[0m &amp#27;[90m# com.stepdefinitions.AccountSteps.user_is_signed_in_with_valid_credentials(io.cucumber.datatable.DataTable)&amp#27;[0m
Step: User is on account page: http://automationpractice.com/index.php?controller=my-account
  &amp#27;[32mGiven &amp#27;[0m&amp#27;[32muser is on account page&amp#27;[0m                  &amp#27;[90m# com.stepdefinitions.AccountSteps.user_is_on_account_page()&amp#27;[0m
Step: User gets the details
  &amp#27;[32mWhen &amp#27;[0m&amp#27;[32muser gets the details&amp#27;[0m                     &amp#27;[90m# com.stepdefinitions.AccountSteps.user_gets_the_details()&amp#27;[0m
ORDER HISTORY AND DETAILS
MY CREDIT SLIPS
MY ADDRESSES
MY PERSONAL INFORMATION
MY WISHLISTS
Detail: Order history and details
  &amp#27;[31mThen &amp#27;[0m&amp#27;[31mfollowing details are displayed&amp#27;[0m           &amp#27;[90m# com.stepdefinitions.AccountSteps.following_details_are_displayed(io.cucumber.datatable.DataTable)&amp#27;[0m
      &amp#27;[31mjava.lang.AssertionError
	at org.junit.Assert.fail(Assert.java:87)
	at org.junit.Assert.assertTrue(Assert.java:42)
	at org.junit.Assert.assertTrue(Assert.java:53)
	at com.stepdefinitions.AccountSteps.following_details_are_displayed(AccountSteps.java:57)
	at ✽.following details are displayed(file:///home/gyanesh/git/POMHybridProject/src/test/resources/com/features/AccountPage.feature:19)
&amp#27;[0m

    Embedding Personal_informtion_and_order_details [image/png 95506 bytes]

]]></system-out>
    <system-err><![CDATA[SLF4J: Failed to load class "org.slf4j.impl.StaticLoggerBinder".
SLF4J: Defaulting to no-operation (NOP) logger implementation
SLF4J: See http://www.slf4j.org/codes.html#StaticLoggerBinder for further details.
Starting ChromeDriver 87.0.4280.88 (89e2380a3e36c3464b5dd1302349b1382549290d-refs/branch-heads/4280@{#1761}) on port 26218
Only local connections are allowed.
Please see https://chromedriver.chromium.org/security-considerations for suggestions on keeping ChromeDriver safe.
ChromeDriver was started successfully.
Jan 07, 2021 12:11:28 PM org.openqa.selenium.remote.ProtocolHandshake createSession
INFO: Detected dialect: W3C
]]></system-err>
  </testcase>
  <testcase name="Shopping cart is empty" classname="Account feature" time="0.024"/>
  <testcase name="Shopping cart is not empty" classname="Account feature" time="0.016"/>
</testsuite>