<?xml version="1.0" encoding="UTF-8"?>
<testsuite xmlns:xsi="http://www.w3.org/2001/XMLSchema-instance" xsi:noNamespaceSchemaLocation="https://maven.apache.org/surefire/maven-surefire-plugin/xsd/surefire-test-report.xsd" name="com.testrunners.TestRunner" time="254.999" tests="7" errors="0" skipped="0" failures="1">
  <properties>
    <property name="sun.desktop" value="gnome"/>
    <property name="awt.toolkit" value="sun.awt.X11.XToolkit"/>
    <property name="java.specification.version" value="11"/>
    <property name="sun.cpu.isalist" value=""/>
    <property name="sun.jnu.encoding" value="UTF-8"/>
    <property name="java.class.path" value="/home/gyanesh/git/POMHybridProject/target/test-classes:/home/gyanesh/git/POMHybridProject/target/classes:/home/gyanesh/.m2/repository/io/cucumber/cucumber-java/6.9.1/cucumber-java-6.9.1.jar:/home/gyanesh/.m2/repository/io/cucumber/cucumber-core/6.9.1/cucumber-core-6.9.1.jar:/home/gyanesh/.m2/repository/io/cucumber/cucumber-gherkin/6.9.1/cucumber-gherkin-6.9.1.jar:/home/gyanesh/.m2/repository/io/cucumber/cucumber-gherkin-messages/6.9.1/cucumber-gherkin-messages-6.9.1.jar:/home/gyanesh/.m2/repository/io/cucumber/messages/13.2.1/messages-13.2.1.jar:/home/gyanesh/.m2/repository/io/cucumber/tag-expressions/3.0.0/tag-expressions-3.0.0.jar:/home/gyanesh/.m2/repository/io/cucumber/cucumber-expressions/10.3.0/cucumber-expressions-10.3.0.jar:/home/gyanesh/.m2/repository/io/cucumber/datatable/3.5.0/datatable-3.5.0.jar:/home/gyanesh/.m2/repository/io/cucumber/cucumber-plugin/6.9.1/cucumber-plugin-6.9.1.jar:/home/gyanesh/.m2/repository/io/cucumber/docstring/6.9.1/docstring-6.9.1.jar:/home/gyanesh/.m2/repository/io/cucumber/html-formatter/9.0.0/html-formatter-9.0.0.jar:/home/gyanesh/.m2/repository/io/cucumber/create-meta/2.0.4/create-meta-2.0.4.jar:/home/gyanesh/.m2/repository/org/apiguardian/apiguardian-api/1.1.0/apiguardian-api-1.1.0.jar:/home/gyanesh/.m2/repository/io/cucumber/cucumber-junit/6.9.1/cucumber-junit-6.9.1.jar:/home/gyanesh/.m2/repository/junit/junit/4.13.1/junit-4.13.1.jar:/home/gyanesh/.m2/repository/org/hamcrest/hamcrest-core/1.3/hamcrest-core-1.3.jar:/home/gyanesh/.m2/repository/org/seleniumhq/selenium/selenium-java/3.141.59/selenium-java-3.141.59.jar:/home/gyanesh/.m2/repository/org/seleniumhq/selenium/selenium-api/3.141.59/selenium-api-3.141.59.jar:/home/gyanesh/.m2/repository/org/seleniumhq/selenium/selenium-chrome-driver/3.141.59/selenium-chrome-driver-3.141.59.jar:/home/gyanesh/.m2/repository/org/seleniumhq/selenium/selenium-edge-driver/3.141.59/selenium-edge-driver-3.141.59.jar:/home/gyanesh/.m2/repository/org/seleniumhq/selenium/selenium-firefox-driver/3.141.59/selenium-firefox-driver-3.141.59.jar:/home/gyanesh/.m2/repository/org/seleniumhq/selenium/selenium-ie-driver/3.141.59/selenium-ie-driver-3.141.59.jar:/home/gyanesh/.m2/repository/org/seleniumhq/selenium/selenium-opera-driver/3.141.59/selenium-opera-driver-3.141.59.jar:/home/gyanesh/.m2/repository/org/seleniumhq/selenium/selenium-remote-driver/3.141.59/selenium-remote-driver-3.141.59.jar:/home/gyanesh/.m2/repository/org/seleniumhq/selenium/selenium-safari-driver/3.141.59/selenium-safari-driver-3.141.59.jar:/home/gyanesh/.m2/repository/org/seleniumhq/selenium/selenium-support/3.141.59/selenium-support-3.141.59.jar:/home/gyanesh/.m2/repository/net/bytebuddy/byte-buddy/1.8.15/byte-buddy-1.8.15.jar:/home/gyanesh/.m2/repository/org/apache/commons/commons-exec/1.3/commons-exec-1.3.jar:/home/gyanesh/.m2/repository/com/google/guava/guava/25.0-jre/guava-25.0-jre.jar:/home/gyanesh/.m2/repository/com/google/code/findbugs/jsr305/1.3.9/jsr305-1.3.9.jar:/home/gyanesh/.m2/repository/org/checkerframework/checker-compat-qual/2.0.0/checker-compat-qual-2.0.0.jar:/home/gyanesh/.m2/repository/com/google/errorprone/error_prone_annotations/2.1.3/error_prone_annotations-2.1.3.jar:/home/gyanesh/.m2/repository/com/google/j2objc/j2objc-annotations/1.1/j2objc-annotations-1.1.jar:/home/gyanesh/.m2/repository/org/codehaus/mojo/animal-sniffer-annotations/1.14/animal-sniffer-annotations-1.14.jar:/home/gyanesh/.m2/repository/com/squareup/okhttp3/okhttp/3.11.0/okhttp-3.11.0.jar:/home/gyanesh/.m2/repository/com/squareup/okio/okio/1.14.0/okio-1.14.0.jar:/home/gyanesh/.m2/repository/io/github/bonigarcia/webdrivermanager/4.2.2/webdrivermanager-4.2.2.jar:/home/gyanesh/.m2/repository/org/slf4j/slf4j-api/1.7.30/slf4j-api-1.7.30.jar:/home/gyanesh/.m2/repository/commons-io/commons-io/2.8.0/commons-io-2.8.0.jar:/home/gyanesh/.m2/repository/com/google/code/gson/gson/2.8.6/gson-2.8.6.jar:/home/gyanesh/.m2/repository/org/apache/commons/commons-lang3/3.11/commons-lang3-3.11.jar:/home/gyanesh/.m2/repository/org/apache/httpcomponents/client5/httpclient5/5.0.1/httpclient5-5.0.1.jar:/home/gyanesh/.m2/repository/org/apache/httpcomponents/core5/httpcore5/5.0.1/httpcore5-5.0.1.jar:/home/gyanesh/.m2/repository/org/apache/httpcomponents/core5/httpcore5-h2/5.0.1/httpcore5-h2-5.0.1.jar:/home/gyanesh/.m2/repository/commons-codec/commons-codec/1.13/commons-codec-1.13.jar:/home/gyanesh/.m2/repository/org/rauschig/jarchivelib/1.1.0/jarchivelib-1.1.0.jar:/home/gyanesh/.m2/repository/org/apache/commons/commons-compress/1.20/commons-compress-1.20.jar:/home/gyanesh/.m2/repository/org/jsoup/jsoup/1.13.1/jsoup-1.13.1.jar:/home/gyanesh/.m2/repository/tech/grasshopper/extentreports-cucumber6-adapter/2.6.0/extentreports-cucumber6-adapter-2.6.0.jar:/home/gyanesh/.m2/repository/com/aventstack/extentreports/5.0.5/extentreports-5.0.5.jar:/home/gyanesh/.m2/repository/io/reactivex/rxjava3/rxjava/3.0.4/rxjava-3.0.4.jar:/home/gyanesh/.m2/repository/org/reactivestreams/reactive-streams/1.0.3/reactive-streams-1.0.3.jar:/home/gyanesh/.m2/repository/org/freemarker/freemarker/2.3.30/freemarker-2.3.30.jar:/home/gyanesh/.m2/repository/org/projectlombok/lombok/1.18.12/lombok-1.18.12.jar:/home/gyanesh/.m2/repository/tech/grasshopper/extent-pdf-report/1.5.0/extent-pdf-report-1.5.0.jar:/home/gyanesh/.m2/repository/tech/grasshopper/cucumber-pdf-report/1.7.0/cucumber-pdf-report-1.7.0.jar:/home/gyanesh/.m2/repository/org/apache/pdfbox/pdfbox/2.0.21/pdfbox-2.0.21.jar:/home/gyanesh/.m2/repository/org/apache/pdfbox/fontbox/2.0.21/fontbox-2.0.21.jar:/home/gyanesh/.m2/repository/org/knowm/xchart/xchart/3.6.5/xchart-3.6.5.jar:/home/gyanesh/.m2/repository/de/erichseifert/vectorgraphics2d/VectorGraphics2D/0.13/VectorGraphics2D-0.13.jar:/home/gyanesh/.m2/repository/de/rototor/pdfbox/graphics2d/0.27/graphics2d-0.27.jar:/home/gyanesh/.m2/repository/com/madgag/animated-gif-lib/1.4/animated-gif-lib-1.4.jar:/home/gyanesh/.m2/repository/com/github/vandeseer/easytable/0.7.1/easytable-0.7.1.jar:/home/gyanesh/.m2/repository/com/github/ralfstuckert/pdfbox-layout/pdfbox2-layout/1.0.0/pdfbox2-layout-1.0.0.jar:/home/gyanesh/.m2/repository/org/yaml/snakeyaml/1.27/snakeyaml-1.27.jar:/home/gyanesh/.m2/repository/com/aventstack/klov-reporter/5.0.5/klov-reporter-5.0.5.jar:/home/gyanesh/.m2/repository/org/mongodb/bson/3.6.4/bson-3.6.4.jar:/home/gyanesh/.m2/repository/org/apache/httpcomponents/httpclient/4.5.2/httpclient-4.5.2.jar:/home/gyanesh/.m2/repository/org/apache/httpcomponents/httpcore/4.4.4/httpcore-4.4.4.jar:/home/gyanesh/.m2/repository/commons-logging/commons-logging/1.2/commons-logging-1.2.jar:/home/gyanesh/.m2/repository/org/apache/httpcomponents/httpmime/4.5.2/httpmime-4.5.2.jar:/home/gyanesh/.m2/repository/org/mongodb/mongodb-driver/3.3.0/mongodb-driver-3.3.0.jar:/home/gyanesh/.m2/repository/org/mongodb/mongodb-driver-core/3.3.0/mongodb-driver-core-3.3.0.jar:"/>
    <property name="java.vm.vendor" value="Ubuntu"/>
    <property name="sun.arch.data.model" value="64"/>
    <property name="java.vendor.url" value="https://ubuntu.com/"/>
    <property name="user.timezone" value=""/>
    <property name="java.vm.specification.version" value="11"/>
    <property name="os.name" value="Linux"/>
    <property name="sun.java.launcher" value="SUN_STANDARD"/>
    <property name="user.country" value="IN"/>
    <property name="sun.boot.library.path" value="/usr/lib/jvm/java-11-openjdk-amd64/lib"/>
    <property name="sun.java.command" value="/home/gyanesh/git/POMHybridProject/target/surefire/surefirebooter9312142403912332015.jar /home/gyanesh/git/POMHybridProject/target/surefire 2021-01-08T10-29-50_339-jvmRun1 surefire11943640414769148574tmp surefire_09507335105454203517tmp"/>
    <property name="jdk.debug" value="release"/>
    <property name="surefire.test.class.path" value="/home/gyanesh/git/POMHybridProject/target/test-classes:/home/gyanesh/git/POMHybridProject/target/classes:/home/gyanesh/.m2/repository/io/cucumber/cucumber-java/6.9.1/cucumber-java-6.9.1.jar:/home/gyanesh/.m2/repository/io/cucumber/cucumber-core/6.9.1/cucumber-core-6.9.1.jar:/home/gyanesh/.m2/repository/io/cucumber/cucumber-gherkin/6.9.1/cucumber-gherkin-6.9.1.jar:/home/gyanesh/.m2/repository/io/cucumber/cucumber-gherkin-messages/6.9.1/cucumber-gherkin-messages-6.9.1.jar:/home/gyanesh/.m2/repository/io/cucumber/messages/13.2.1/messages-13.2.1.jar:/home/gyanesh/.m2/repository/io/cucumber/tag-expressions/3.0.0/tag-expressions-3.0.0.jar:/home/gyanesh/.m2/repository/io/cucumber/cucumber-expressions/10.3.0/cucumber-expressions-10.3.0.jar:/home/gyanesh/.m2/repository/io/cucumber/datatable/3.5.0/datatable-3.5.0.jar:/home/gyanesh/.m2/repository/io/cucumber/cucumber-plugin/6.9.1/cucumber-plugin-6.9.1.jar:/home/gyanesh/.m2/repository/io/cucumber/docstring/6.9.1/docstring-6.9.1.jar:/home/gyanesh/.m2/repository/io/cucumber/html-formatter/9.0.0/html-formatter-9.0.0.jar:/home/gyanesh/.m2/repository/io/cucumber/create-meta/2.0.4/create-meta-2.0.4.jar:/home/gyanesh/.m2/repository/org/apiguardian/apiguardian-api/1.1.0/apiguardian-api-1.1.0.jar:/home/gyanesh/.m2/repository/io/cucumber/cucumber-junit/6.9.1/cucumber-junit-6.9.1.jar:/home/gyanesh/.m2/repository/junit/junit/4.13.1/junit-4.13.1.jar:/home/gyanesh/.m2/repository/org/hamcrest/hamcrest-core/1.3/hamcrest-core-1.3.jar:/home/gyanesh/.m2/repository/org/seleniumhq/selenium/selenium-java/3.141.59/selenium-java-3.141.59.jar:/home/gyanesh/.m2/repository/org/seleniumhq/selenium/selenium-api/3.141.59/selenium-api-3.141.59.jar:/home/gyanesh/.m2/repository/org/seleniumhq/selenium/selenium-chrome-driver/3.141.59/selenium-chrome-driver-3.141.59.jar:/home/gyanesh/.m2/repository/org/seleniumhq/selenium/selenium-edge-driver/3.141.59/selenium-edge-driver-3.141.59.jar:/home/gyanesh/.m2/repository/org/seleniumhq/selenium/selenium-firefox-driver/3.141.59/selenium-firefox-driver-3.141.59.jar:/home/gyanesh/.m2/repository/org/seleniumhq/selenium/selenium-ie-driver/3.141.59/selenium-ie-driver-3.141.59.jar:/home/gyanesh/.m2/repository/org/seleniumhq/selenium/selenium-opera-driver/3.141.59/selenium-opera-driver-3.141.59.jar:/home/gyanesh/.m2/repository/org/seleniumhq/selenium/selenium-remote-driver/3.141.59/selenium-remote-driver-3.141.59.jar:/home/gyanesh/.m2/repository/org/seleniumhq/selenium/selenium-safari-driver/3.141.59/selenium-safari-driver-3.141.59.jar:/home/gyanesh/.m2/repository/org/seleniumhq/selenium/selenium-support/3.141.59/selenium-support-3.141.59.jar:/home/gyanesh/.m2/repository/net/bytebuddy/byte-buddy/1.8.15/byte-buddy-1.8.15.jar:/home/gyanesh/.m2/repository/org/apache/commons/commons-exec/1.3/commons-exec-1.3.jar:/home/gyanesh/.m2/repository/com/google/guava/guava/25.0-jre/guava-25.0-jre.jar:/home/gyanesh/.m2/repository/com/google/code/findbugs/jsr305/1.3.9/jsr305-1.3.9.jar:/home/gyanesh/.m2/repository/org/checkerframework/checker-compat-qual/2.0.0/checker-compat-qual-2.0.0.jar:/home/gyanesh/.m2/repository/com/google/errorprone/error_prone_annotations/2.1.3/error_prone_annotations-2.1.3.jar:/home/gyanesh/.m2/repository/com/google/j2objc/j2objc-annotations/1.1/j2objc-annotations-1.1.jar:/home/gyanesh/.m2/repository/org/codehaus/mojo/animal-sniffer-annotations/1.14/animal-sniffer-annotations-1.14.jar:/home/gyanesh/.m2/repository/com/squareup/okhttp3/okhttp/3.11.0/okhttp-3.11.0.jar:/home/gyanesh/.m2/repository/com/squareup/okio/okio/1.14.0/okio-1.14.0.jar:/home/gyanesh/.m2/repository/io/github/bonigarcia/webdrivermanager/4.2.2/webdrivermanager-4.2.2.jar:/home/gyanesh/.m2/repository/org/slf4j/slf4j-api/1.7.30/slf4j-api-1.7.30.jar:/home/gyanesh/.m2/repository/commons-io/commons-io/2.8.0/commons-io-2.8.0.jar:/home/gyanesh/.m2/repository/com/google/code/gson/gson/2.8.6/gson-2.8.6.jar:/home/gyanesh/.m2/repository/org/apache/commons/commons-lang3/3.11/commons-lang3-3.11.jar:/home/gyanesh/.m2/repository/org/apache/httpcomponents/client5/httpclient5/5.0.1/httpclient5-5.0.1.jar:/home/gyanesh/.m2/repository/org/apache/httpcomponents/core5/httpcore5/5.0.1/httpcore5-5.0.1.jar:/home/gyanesh/.m2/repository/org/apache/httpcomponents/core5/httpcore5-h2/5.0.1/httpcore5-h2-5.0.1.jar:/home/gyanesh/.m2/repository/commons-codec/commons-codec/1.13/commons-codec-1.13.jar:/home/gyanesh/.m2/repository/org/rauschig/jarchivelib/1.1.0/jarchivelib-1.1.0.jar:/home/gyanesh/.m2/repository/org/apache/commons/commons-compress/1.20/commons-compress-1.20.jar:/home/gyanesh/.m2/repository/org/jsoup/jsoup/1.13.1/jsoup-1.13.1.jar:/home/gyanesh/.m2/repository/tech/grasshopper/extentreports-cucumber6-adapter/2.6.0/extentreports-cucumber6-adapter-2.6.0.jar:/home/gyanesh/.m2/repository/com/aventstack/extentreports/5.0.5/extentreports-5.0.5.jar:/home/gyanesh/.m2/repository/io/reactivex/rxjava3/rxjava/3.0.4/rxjava-3.0.4.jar:/home/gyanesh/.m2/repository/org/reactivestreams/reactive-streams/1.0.3/reactive-streams-1.0.3.jar:/home/gyanesh/.m2/repository/org/freemarker/freemarker/2.3.30/freemarker-2.3.30.jar:/home/gyanesh/.m2/repository/org/projectlombok/lombok/1.18.12/lombok-1.18.12.jar:/home/gyanesh/.m2/repository/tech/grasshopper/extent-pdf-report/1.5.0/extent-pdf-report-1.5.0.jar:/home/gyanesh/.m2/repository/tech/grasshopper/cucumber-pdf-report/1.7.0/cucumber-pdf-report-1.7.0.jar:/home/gyanesh/.m2/repository/org/apache/pdfbox/pdfbox/2.0.21/pdfbox-2.0.21.jar:/home/gyanesh/.m2/repository/org/apache/pdfbox/fontbox/2.0.21/fontbox-2.0.21.jar:/home/gyanesh/.m2/repository/org/knowm/xchart/xchart/3.6.5/xchart-3.6.5.jar:/home/gyanesh/.m2/repository/de/erichseifert/vectorgraphics2d/VectorGraphics2D/0.13/VectorGraphics2D-0.13.jar:/home/gyanesh/.m2/repository/de/rototor/pdfbox/graphics2d/0.27/graphics2d-0.27.jar:/home/gyanesh/.m2/repository/com/madgag/animated-gif-lib/1.4/animated-gif-lib-1.4.jar:/home/gyanesh/.m2/repository/com/github/vandeseer/easytable/0.7.1/easytable-0.7.1.jar:/home/gyanesh/.m2/repository/com/github/ralfstuckert/pdfbox-layout/pdfbox2-layout/1.0.0/pdfbox2-layout-1.0.0.jar:/home/gyanesh/.m2/repository/org/yaml/snakeyaml/1.27/snakeyaml-1.27.jar:/home/gyanesh/.m2/repository/com/aventstack/klov-reporter/5.0.5/klov-reporter-5.0.5.jar:/home/gyanesh/.m2/repository/org/mongodb/bson/3.6.4/bson-3.6.4.jar:/home/gyanesh/.m2/repository/org/apache/httpcomponents/httpclient/4.5.2/httpclient-4.5.2.jar:/home/gyanesh/.m2/repository/org/apache/httpcomponents/httpcore/4.4.4/httpcore-4.4.4.jar:/home/gyanesh/.m2/repository/commons-logging/commons-logging/1.2/commons-logging-1.2.jar:/home/gyanesh/.m2/repository/org/apache/httpcomponents/httpmime/4.5.2/httpmime-4.5.2.jar:/home/gyanesh/.m2/repository/org/mongodb/mongodb-driver/3.3.0/mongodb-driver-3.3.0.jar:/home/gyanesh/.m2/repository/org/mongodb/mongodb-driver-core/3.3.0/mongodb-driver-core-3.3.0.jar:"/>
    <property name="sun.cpu.endian" value="little"/>
    <property name="user.home" value="/home/gyanesh"/>
    <property name="user.language" value="en"/>
    <property name="java.specification.vendor" value="Oracle Corporation"/>
    <property name="java.version.date" value="2020-11-04"/>
    <property name="java.home" value="/usr/lib/jvm/java-11-openjdk-amd64"/>
    <property name="file.separator" value="/"/>
    <property name="basedir" value="/home/gyanesh/git/POMHybridProject"/>
    <property name="java.vm.compressedOopsMode" value="32-bit"/>
    <property name="line.separator" value="&#10;"/>
    <property name="java.specification.name" value="Java Platform API Specification"/>
    <property name="java.vm.specification.vendor" value="Oracle Corporation"/>
    <property name="java.awt.graphicsenv" value="sun.awt.X11GraphicsEnvironment"/>
    <property name="surefire.real.class.path" value="/home/gyanesh/git/POMHybridProject/target/surefire/surefirebooter9312142403912332015.jar"/>
    <property name="sun.management.compiler" value="HotSpot 64-Bit Tiered Compilers"/>
    <property name="java.runtime.version" value="11.0.9.1+1-Ubuntu-0ubuntu1.20.04"/>
    <property name="user.name" value="gyanesh"/>
    <property name="path.separator" value=":"/>
    <property name="os.version" value="5.4.0-56-generic"/>
    <property name="java.runtime.name" value="OpenJDK Runtime Environment"/>
    <property name="file.encoding" value="UTF-8"/>
    <property name="java.vm.name" value="OpenJDK 64-Bit Server VM"/>
    <property name="localRepository" value="/home/gyanesh/.m2/repository"/>
    <property name="java.vendor.url.bug" value="https://bugs.launchpad.net/ubuntu/+source/openjdk-lts"/>
    <property name="java.io.tmpdir" value="/tmp"/>
    <property name="java.version" value="11.0.9.1"/>
    <property name="user.dir" value="/home/gyanesh/git/POMHybridProject"/>
    <property name="os.arch" value="amd64"/>
    <property name="java.vm.specification.name" value="Java Virtual Machine Specification"/>
    <property name="java.awt.printerjob" value="sun.print.PSPrinterJob"/>
    <property name="sun.os.patch.level" value="unknown"/>
    <property name="java.library.path" value="/usr/java/packages/lib:/usr/lib/x86_64-linux-gnu/jni:/lib/x86_64-linux-gnu:/usr/lib/x86_64-linux-gnu:/usr/lib/jni:/lib:/usr/lib"/>
    <property name="java.vm.info" value="mixed mode, sharing"/>
    <property name="java.vendor" value="Ubuntu"/>
    <property name="java.vm.version" value="11.0.9.1+1-Ubuntu-0ubuntu1.20.04"/>
    <property name="sun.io.unicode.encoding" value="UnicodeLittle"/>
    <property name="java.class.version" value="55.0"/>
  </properties>
  <testcase name="Login page title" classname="Login feature" time="103.309"/>
  <testcase name="forgot password link" classname="Login feature" time="31.022"/>
  <testcase name="Login with valid credentials" classname="Login feature" time="25.455"/>
  <testcase name="Login with invalid credentials #1" classname="Login feature" time="25.746"/>
  <testcase name="Login with invalid credentials #2" classname="Login feature" time="21.94"/>
  <testcase name="Login with invalid credentials #3" classname="Login feature" time="17.097"/>
  <testcase name="Login with invalid credentials #4" classname="Login feature" time="17.03">
    <failure type="java.lang.AssertionError">java.lang.AssertionError
</failure>
    <system-out><![CDATA[
@All @LoginFeature @login @critical @negative
Scenario Outline: Login with invalid credentials &amp#27;[90m# src/test/resources/com/features/LoginPage.feature:38&amp#27;[0m
Browser value is:firefox
Step: On Login Page
  &amp#27;[32mGiven &amp#27;[0m&amp#27;[32muser is on login page&amp#27;[0m                    &amp#27;[90m# com.stepdefinitions.LoginSteps.user_is_on_login_page()&amp#27;[0m
Step: User Enters User ID: demo@gkm.com
  &amp#27;[32mWhen &amp#27;[0m&amp#27;[32muser type &amp#27;[0m&amp#27;[32m&amp#27;[1m"demo@gkm.com"&amp#27;[0m&amp#27;[32m in email textbox&amp#27;[0m &amp#27;[90m# com.stepdefinitions.LoginSteps.user_type_in_email_textbox(java.lang.String)&amp#27;[0m
Step: User Enters Password: abc123
  &amp#27;[32mAnd &amp#27;[0m&amp#27;[32muser type &amp#27;[0m&amp#27;[32m&amp#27;[1m"abc123"&amp#27;[0m&amp#27;[32m in password textbox&amp#27;[0m     &amp#27;[90m# com.stepdefinitions.LoginSteps.user_type_in_password_textbox(java.lang.String)&amp#27;[0m
Step: User Clicks on Login Button
  &amp#27;[32mAnd &amp#27;[0m&amp#27;[32muser clicks on login button&amp#27;[0m                &amp#27;[90m# com.stepdefinitions.LoginSteps.user_clicks_on_login_button()&amp#27;[0m
Step: User gets Error message
  &amp#27;[31mThen &amp#27;[0m&amp#27;[31muser gets error message&amp#27;[0m                   &amp#27;[90m# com.stepdefinitions.LoginSteps.user_gets_error_message()&amp#27;[0m
      &amp#27;[31mjava.lang.AssertionError
	at org.junit.Assert.fail(Assert.java:87)
	at org.junit.Assert.assertTrue(Assert.java:42)
	at org.junit.Assert.assertTrue(Assert.java:53)
	at com.stepdefinitions.LoginSteps.user_gets_error_message(LoginSteps.java:82)
	at ✽.user gets error message(file:///home/gyanesh/git/POMHybridProject/src/test/resources/com/features/LoginPage.feature:31)
&amp#27;[0m

    Embedding Login_with_invalid_credentials [image/png 89004 bytes]

]]></system-out>
    <system-err><![CDATA[1610082218501	geckodriver	INFO	Listening on 127.0.0.1:26593
1610082218514	mozrunner::runner	INFO	Running command: "/usr/lib/firefox/firefox" "--marionette" "-foreground" "-no-remote" "-profile" "/tmp/rust_mozprofile8CZKDv"
console.warn: SearchSettings: "get: No settings file exists, new profile?" (new Error("", "(unknown module)"))
1610082222451	Marionette	INFO	Listening on port 43999
1610082222618	Marionette	WARN	TLS certificate errors will be ignored for this session
Jan 08, 2021 10:33:42 AM org.openqa.selenium.remote.ProtocolHandshake createSession
INFO: Detected dialect: W3C
1610082234047	Marionette	INFO	Stopped listening on port 43999
]]></system-err>
  </testcase>
</testsuite>